<?xml version="1.0" encoding="UTF-8"?>
<testsuite name="ru.netology.qa.SampleTest" tests="1" skipped="0" failures="0" errors="0" timestamp="2024-11-09T13:01:52" hostname="LAPTOP-NN1KDUGA" time="10.917">
  <properties/>
  <testcase name="testChangeTextForEmpty()" classname="ru.netology.qa.SampleTest" time="10.917"/>
  <system-out><![CDATA[]]></system-out>
  <system-err><![CDATA[нояб. 09, 2024 4:01:59 PM io.appium.java_client.remote.AppiumCommandExecutor$1 lambda$0
INFO: Detected dialect: W3C
]]></system-err>
</testsuite>
