<?xml version="1.0" encoding="UTF-8"?>
<testsuite name="ru.netology.qa.SampleTest" tests="1" skipped="0" failures="0" errors="0" timestamp="2024-11-10T16:18:41" hostname="LAPTOP-NN1KDUGA" time="18.808">
  <properties/>
  <testcase name="testChangeTextForActivity()" classname="ru.netology.qa.SampleTest" time="18.808"/>
  <system-out><![CDATA[]]></system-out>
  <system-err><![CDATA[нояб. 10, 2024 7:18:53 PM io.appium.java_client.remote.AppiumCommandExecutor$1 lambda$0
INFO: Detected dialect: W3C
]]></system-err>
</testsuite>
